app/build/intermediates/manifest_merge_blame_file/debug/manifest-merger-blame-debug-report.txt
1<?xml version="1.0" encoding="utf-8"?>
2<manifest xmlns:android="http://schemas.android.com/apk/res/android"
3    package="com.example.lotlockbox"
4    android:versionCode="1"
5    android:versionName="1.0" >
6
7    <uses-sdk
8        android:minSdkVersion="15"
8-->src\main\AndroidManifest.xml
9        android:targetSdkVersion="29" />
9-->src\main\AndroidManifest.xml
10
11    <application
11-->src\main\AndroidManifest.xml:5:5-32:19
12        android:allowBackup="true"
12-->src\main\AndroidManifest.xml:6:9-35
13        android:appComponentFactory="androidx.core.app.CoreComponentFactory"
13-->[androidx.core:core:1.1.0] AndroidManifest.xml:24:18-86
14        android:debuggable="true"
15        android:icon="@mipmap/ic_launcher"
15-->src\main\AndroidManifest.xml:7:9-43
16        android:label="@string/app_name"
16-->src\main\AndroidManifest.xml:8:9-41
17        android:roundIcon="@mipmap/ic_launcher_round"
17-->src\main\AndroidManifest.xml:9:9-54
18        android:supportsRtl="true"
18-->src\main\AndroidManifest.xml:10:9-35
19        android:testOnly="true"
20        android:theme="@style/AppTheme" >
20-->src\main\AndroidManifest.xml:11:9-40
21        <activity android:name="com.example.lotlockbox.MainActivity" >
21-->src\main\AndroidManifest.xml:12:9-18:20
21-->src\main\AndroidManifest.xml:12:19-47
22            <intent-filter>
22-->src\main\AndroidManifest.xml:13:13-17:29
23                <action android:name="android.intent.action.MAIN" />
23-->src\main\AndroidManifest.xml:14:17-69
23-->src\main\AndroidManifest.xml:14:25-66
24
25                <category android:name="android.intent.category.LAUNCHER" />
25-->src\main\AndroidManifest.xml:16:17-77
25-->src\main\AndroidManifest.xml:16:27-74
26            </intent-filter>
27        </activity>
28        <activity
28-->src\main\AndroidManifest.xml:19:9-22:20
29            android:name="com.example.lotlockbox.ui.login.AdminLogin"
29-->src\main\AndroidManifest.xml:19:19-54
30            android:parentActivityName="com.example.lotlockbox.MainActivity" >
30-->src\main\AndroidManifest.xml:20:13-55
31        </activity>
32        <activity
32-->src\main\AndroidManifest.xml:23:9-26:20
33            android:name="com.example.lotlockbox.ui.login.LoggedInUserView"
33-->src\main\AndroidManifest.xml:23:19-60
34            android:parentActivityName="com.example.lotlockbox.ui.login.AdminLogin" >
34-->src\main\AndroidManifest.xml:24:9-58
35        </activity>
36        <activity
36-->src\main\AndroidManifest.xml:27:9-30:20
37            android:name="com.example.lotlockbox.sendPackage"
37-->src\main\AndroidManifest.xml:27:19-46
38            android:parentActivityName="com.example.lotlockbox.ui.login.LoggedInUserView" >
38-->src\main\AndroidManifest.xml:28:13-68
39        </activity>
40
41        <provider
41-->[androidx.lifecycle:lifecycle-process:2.0.0] AndroidManifest.xml:23:9-27:43
42            android:name="androidx.lifecycle.ProcessLifecycleOwnerInitializer"
42-->[androidx.lifecycle:lifecycle-process:2.0.0] AndroidManifest.xml:24:13-79
43            android:authorities="com.example.lotlockbox.lifecycle-process"
43-->[androidx.lifecycle:lifecycle-process:2.0.0] AndroidManifest.xml:25:13-69
44            android:exported="false"
44-->[androidx.lifecycle:lifecycle-process:2.0.0] AndroidManifest.xml:26:13-37
45            android:multiprocess="true" />
45-->[androidx.lifecycle:lifecycle-process:2.0.0] AndroidManifest.xml:27:13-40
46    </application>
47
48</manifest>